<?xml version="1.0" encoding="UTF-8"?>
<testng-results ignored="0" total="1" passed="1" failed="0" skipped="0">
  <reporter-output>
  </reporter-output>
  <suite started-at="2022-02-26T23:58:03 SGT" name="Default suite" finished-at="2022-02-26T23:58:07 SGT" duration-ms="3851">
    <groups>
    </groups>
    <test started-at="2022-02-26T23:58:03 SGT" name="Default test" finished-at="2022-02-26T23:58:07 SGT" duration-ms="3851">
      <class name="ReviewTest">
        <test-method is-config="true" signature="beforeTest()[pri:0, instance:ReviewTest@3738449f]" started-at="2022-02-26T23:58:03 SGT" name="beforeTest" finished-at="2022-02-26T23:58:06 SGT" duration-ms="3292" status="PASS">
          <reporter-output>
          </reporter-output>
        </test-method> <!-- beforeTest -->
        <test-method signature="checkTitle()[pri:0, instance:ReviewTest@3738449f]" started-at="2022-02-26T23:58:07 SGT" name="checkTitle" finished-at="2022-02-26T23:58:07 SGT" duration-ms="360" status="PASS">
          <reporter-output>
          </reporter-output>
        </test-method> <!-- checkTitle -->
        <test-method is-config="true" signature="afterTest()[pri:0, instance:ReviewTest@3738449f]" started-at="2022-02-26T23:58:07 SGT" name="afterTest" finished-at="2022-02-26T23:58:07 SGT" duration-ms="145" status="PASS">
          <reporter-output>
          </reporter-output>
        </test-method> <!-- afterTest -->
      </class> <!-- ReviewTest -->
    </test> <!-- Default test -->
  </suite> <!-- Default suite -->
</testng-results>
