<?xml version="1.0" encoding="UTF-8"?>
<testng-results ignored="0" total="3" passed="3" failed="0" skipped="0">
  <reporter-output>
  </reporter-output>
  <suite started-at="2022-02-24T17:19:45 SGT" name="Default suite" finished-at="2022-02-24T17:19:49 SGT" duration-ms="4032">
    <groups>
    </groups>
    <test started-at="2022-02-24T17:19:45 SGT" name="Default test" finished-at="2022-02-24T17:19:49 SGT" duration-ms="4032">
      <class name="NewTest">
        <test-method is-config="true" signature="beforeTest()[pri:0, instance:NewTest@3c947bc5]" started-at="2022-02-24T17:19:45 SGT" name="beforeTest" finished-at="2022-02-24T17:19:46 SGT" duration-ms="1146" status="PASS">
          <reporter-output>
          </reporter-output>
        </test-method> <!-- beforeTest -->
        <test-method signature="checkMovie()[pri:0, instance:NewTest@3c947bc5]" started-at="2022-02-24T17:19:46 SGT" name="checkMovie" finished-at="2022-02-24T17:19:48 SGT" duration-ms="2425" status="PASS">
          <reporter-output>
          </reporter-output>
        </test-method> <!-- checkMovie -->
        <test-method signature="checkPage()[pri:0, instance:NewTest@3c947bc5]" started-at="2022-02-24T17:19:48 SGT" name="checkPage" finished-at="2022-02-24T17:19:48 SGT" duration-ms="117" status="PASS">
          <reporter-output>
          </reporter-output>
        </test-method> <!-- checkPage -->
        <test-method signature="deleteMovie()[pri:0, instance:NewTest@3c947bc5]" started-at="2022-02-24T17:19:48 SGT" name="deleteMovie" finished-at="2022-02-24T17:19:48 SGT" duration-ms="132" status="PASS">
          <reporter-output>
          </reporter-output>
        </test-method> <!-- deleteMovie -->
        <test-method is-config="true" signature="afterTest()[pri:0, instance:NewTest@3c947bc5]" started-at="2022-02-24T17:19:48 SGT" name="afterTest" finished-at="2022-02-24T17:19:49 SGT" duration-ms="180" status="PASS">
          <reporter-output>
          </reporter-output>
        </test-method> <!-- afterTest -->
      </class> <!-- NewTest -->
    </test> <!-- Default test -->
  </suite> <!-- Default suite -->
</testng-results>
